# JRE version: OpenJDK Runtime Environment (8.0_202) (build 1.8.0_202-release-1483-b49-5587405)
# Java VM: OpenJDK 64-Bit Server VM (25.202-b49-5587405 mixed mode bsd-amd64 compressed oops)
Heap:
 PSYoungGen      total 259584K, used 259145K [0x00000007a0000000, 0x00000007b5800000, 0x00000007c0000000)
  eden space 247808K, 100% used [0x00000007a0000000,0x00000007af200000,0x00000007af200000)
  from space 11776K, 96% used [0x00000007b2c00000,0x00000007b3712780,0x00000007b3780000)
  to   space 28160K, 35% used [0x00000007b3c80000,0x00000007b4630020,0x00000007b5800000)
 ParOldGen       total 230400K, used 46459K [0x0000000760000000, 0x000000076e100000, 0x00000007a0000000)
  object space 230400K, 20% used [0x0000000760000000,0x0000000762d5ef58,0x000000076e100000)
 Metaspace       used 84146K, capacity 90839K, committed 91032K, reserved 1128448K
  class space    used 10783K, capacity 11934K, committed 11944K, reserved 1048576K
GC Heap History (10 events):
Event: 172.785 GC heap after
Heap after GC invocations=16 (full 3):
 PSYoungGen      total 297984K, used 19955K [0x00000007a0000000, 0x00000007b7b80000, 0x00000007c0000000)
  eden space 278016K, 0% used [0x00000007a0000000,0x00000007a0000000,0x00000007b0f80000)
  from space 19968K, 99% used [0x00000007b0f80000,0x00000007b22fcee0,0x00000007b2300000)
  to   space 24576K, 0% used [0x00000007b6380000,0x00000007b6380000,0x00000007b7b80000)
 ParOldGen       total 230400K, used 37745K [0x0000000760000000, 0x000000076e100000, 0x00000007a0000000)
  object space 230400K, 16% used [0x0000000760000000,0x00000007624dc7b0,0x000000076e100000)
 Metaspace       used 75042K, capacity 78205K, committed 78488K, reserved 1118208K
  class space    used 9738K, capacity 10374K, committed 10408K, reserved 1048576K
}
Event: 6717.249 GC heap before
{Heap before GC invocations=17 (full 3):
 PSYoungGen      total 297984K, used 297971K [0x00000007a0000000, 0x00000007b7b80000, 0x00000007c0000000)
  eden space 278016K, 100% used [0x00000007a0000000,0x00000007b0f80000,0x00000007b0f80000)
  from space 19968K, 99% used [0x00000007b0f80000,0x00000007b22fcee0,0x00000007b2300000)
  to   space 24576K, 0% used [0x00000007b6380000,0x00000007b6380000,0x00000007b7b80000)
 ParOldGen       total 230400K, used 37745K [0x0000000760000000, 0x000000076e100000, 0x00000007a0000000)
  object space 230400K, 16% used [0x0000000760000000,0x00000007624dc7b0,0x000000076e100000)
 Metaspace       used 78494K, capacity 82025K, committed 82328K, reserved 1120256K
  class space    used 10128K, capacity 10848K, committed 10920K, reserved 1048576K
Event: 6717.360 GC heap after
Heap after GC invocations=17 (full 3):
 PSYoungGen      total 292352K, used 22093K [0x00000007a0000000, 0x00000007b7980000, 0x00000007c0000000)
  eden space 269824K, 0% used [0x00000007a0000000,0x00000007a0000000,0x00000007b0780000)
  from space 22528K, 98% used [0x00000007b6380000,0x00000007b7913750,0x00000007b7980000)
  to   space 26624K, 0% used [0x00000007b4580000,0x00000007b4580000,0x00000007b5f80000)
 ParOldGen       total 230400K, used 37753K [0x0000000760000000, 0x000000076e100000, 0x00000007a0000000)
  object space 230400K, 16% used [0x0000000760000000,0x00000007624de7b0,0x000000076e100000)
 Metaspace       used 78494K, capacity 82025K, committed 82328K, reserved 1120256K
  class space    used 10128K, capacity 10848K, committed 10920K, reserved 1048576K
}
Event: 7113.615 GC heap before
{Heap before GC invocations=18 (full 3):
 PSYoungGen      total 292352K, used 291917K [0x00000007a0000000, 0x00000007b7980000, 0x00000007c0000000)
  eden space 269824K, 100% used [0x00000007a0000000,0x00000007b0780000,0x00000007b0780000)
  from space 22528K, 98% used [0x00000007b6380000,0x00000007b7913750,0x00000007b7980000)
  to   space 26624K, 0% used [0x00000007b4580000,0x00000007b4580000,0x00000007b5f80000)
 ParOldGen       total 230400K, used 37753K [0x0000000760000000, 0x000000076e100000, 0x00000007a0000000)
  object space 230400K, 16% used [0x0000000760000000,0x00000007624de7b0,0x000000076e100000)
 Metaspace       used 79062K, capacity 82693K, committed 82840K, reserved 1122304K
  class space    used 10153K, capacity 10890K, committed 10920K, reserved 1048576K
Event: 7113.648 GC heap after
Heap after GC invocations=18 (full 3):
 PSYoungGen      total 280576K, used 18192K [0x00000007a0000000, 0x00000007b6400000, 0x00000007c0000000)
  eden space 262144K, 0% used [0x00000007a0000000,0x00000007a0000000,0x00000007b0000000)
  from space 18432K, 98% used [0x00000007b4580000,0x00000007b5744160,0x00000007b5780000)
  to   space 12800K, 0% used [0x00000007b5780000,0x00000007b5780000,0x00000007b6400000)
 ParOldGen       total 230400K, used 37761K [0x0000000760000000, 0x000000076e100000, 0x00000007a0000000)
  object space 230400K, 16% used [0x0000000760000000,0x00000007624e07b0,0x000000076e100000)
 Metaspace       used 79062K, capacity 82693K, committed 82840K, reserved 1122304K
  class space    used 10153K, capacity 10890K, committed 10920K, reserved 1048576K
}
Event: 8889.770 GC heap before
{Heap before GC invocations=19 (full 3):
 PSYoungGen      total 280576K, used 280336K [0x00000007a0000000, 0x00000007b6400000, 0x00000007c0000000)
  eden space 262144K, 100% used [0x00000007a0000000,0x00000007b0000000,0x00000007b0000000)
  from space 18432K, 98% used [0x00000007b4580000,0x00000007b5744160,0x00000007b5780000)
  to   space 12800K, 0% used [0x00000007b5780000,0x00000007b5780000,0x00000007b6400000)
 ParOldGen       total 230400K, used 37761K [0x0000000760000000, 0x000000076e100000, 0x00000007a0000000)
  object space 230400K, 16% used [0x0000000760000000,0x00000007624e07b0,0x000000076e100000)
 Metaspace       used 81414K, capacity 86207K, committed 86424K, reserved 1124352K
  class space    used 10419K, capacity 11308K, committed 11432K, reserved 1048576K
Event: 8889.828 GC heap after
Heap after GC invocations=19 (full 3):
 PSYoungGen      total 267776K, used 12769K [0x00000007a0000000, 0x00000007b6400000, 0x00000007c0000000)
  eden space 254976K, 0% used [0x00000007a0000000,0x00000007a0000000,0x00000007af900000)
  from space 12800K, 99% used [0x00000007b5780000,0x00000007b63f84d0,0x00000007b6400000)
  to   space 28672K, 0% used [0x00000007b2c00000,0x00000007b2c00000,0x00000007b4800000)
 ParOldGen       total 230400K, used 46451K [0x0000000760000000, 0x000000076e100000, 0x00000007a0000000)
  object space 230400K, 20% used [0x0000000760000000,0x0000000762d5cf58,0x000000076e100000)
 Metaspace       used 81414K, capacity 86207K, committed 86424K, reserved 1124352K
  class space    used 10419K, capacity 11308K, committed 11432K, reserved 1048576K
}
Event: 10213.477 GC heap before
{Heap before GC invocations=20 (full 3):
 PSYoungGen      total 267776K, used 267745K [0x00000007a0000000, 0x00000007b6400000, 0x00000007c0000000)
  eden space 254976K, 100% used [0x00000007a0000000,0x00000007af900000,0x00000007af900000)
  from space 12800K, 99% used [0x00000007b5780000,0x00000007b63f84d0,0x00000007b6400000)
  to   space 28672K, 0% used [0x00000007b2c00000,0x00000007b2c00000,0x00000007b4800000)
 ParOldGen       total 230400K, used 46451K [0x0000000760000000, 0x000000076e100000, 0x00000007a0000000)
  object space 230400K, 20% used [0x0000000760000000,0x0000000762d5cf58,0x000000076e100000)
 Metaspace       used 82499K, capacity 88269K, committed 88472K, reserved 1126400K
  class space    used 10571K, capacity 11587K, committed 11688K, reserved 1048576K
Event: 10213.510 GC heap after
Heap after GC invocations=20 (full 3):
 PSYoungGen      total 259584K, used 11337K [0x00000007a0000000, 0x00000007b5800000, 0x00000007c0000000)
  eden space 247808K, 0% used [0x00000007a0000000,0x00000007a0000000,0x00000007af200000)
  from space 11776K, 96% used [0x00000007b2c00000,0x00000007b3712780,0x00000007b3780000)
  to   space 28160K, 0% used [0x00000007b3c80000,0x00000007b3c80000,0x00000007b5800000)
 ParOldGen       total 230400K, used 46459K [0x0000000760000000, 0x000000076e100000, 0x00000007a0000000)
  object space 230400K, 20% used [0x0000000760000000,0x0000000762d5ef58,0x000000076e100000)
 Metaspace       used 82499K, capacity 88269K, committed 88472K, reserved 1126400K
  class space    used 10571K, capacity 11587K, committed 11688K, reserved 1048576K
}
Event: 11518.969 GC heap before
{Heap before GC invocations=21 (full 3):
 PSYoungGen      total 259584K, used 259145K [0x00000007a0000000, 0x00000007b5800000, 0x00000007c0000000)
  eden space 247808K, 100% used [0x00000007a0000000,0x00000007af200000,0x00000007af200000)
  from space 11776K, 96% used [0x00000007b2c00000,0x00000007b3712780,0x00000007b3780000)
  to   space 28160K, 0% used [0x00000007b3c80000,0x00000007b3c80000,0x00000007b5800000)
 ParOldGen       total 230400K, used 46459K [0x0000000760000000, 0x000000076e100000, 0x00000007a0000000)
  object space 230400K, 20% used [0x0000000760000000,0x0000000762d5ef58,0x000000076e100000)
 Metaspace       used 84146K, capacity 90839K, committed 91032K, reserved 1128448K
  class space    used 10783K, capacity 11934K, committed 11944K, reserved 1048576K

